<?xml version="1.0" encoding="UTF-8"?>
<!-- Generated by org.testng.reporters.JUnitReportReporter -->
<testsuite hostname="LAPTOP-G54L426B" failures="0" tests="1" name="Amz.Amazon.Amztestcase1" time="8.516" errors="0" timestamp="2022-09-14T15:30:55 IST" skipped="0">
  <testcase classname="Amz.Amazon.Amztestcase1" name="open_Amazon" time="8.516"/>
  <system-out/>
</testsuite> <!-- Amz.Amazon.Amztestcase1 -->
